<?xml version="1.0" encoding="UTF-8"?>
<!-- Generated by org.testng.reporters.JUnitReportReporter -->
<testsuite hostname="Abhisheks-MacBook-Pro.local" failures="0" tests="1" name="testcases.SignupTests" time="3.529" errors="0" timestamp="2022-02-25T02:42:18 PST" skipped="0">
  <testcase classname="testcases.SignupTests" name="testSignupFlow" time="3.529"/>
  <system-out/>
</testsuite> <!-- testcases.SignupTests -->
