<?xml version="1.0" encoding="UTF-8"?>
<!-- Generated by org.testng.reporters.JUnitReportReporter -->
<testsuite hostname="Abhisheks-MacBook-Pro.local" failures="0" tests="1" name="testcases.LoginTests" time="8.831" errors="0" timestamp="2022-02-25T01:19:06 PST" skipped="0">
  <testcase classname="testcases.LoginTests" name="testUserWithoutAccCannotLogin" time="8.831"/>
  <system-out/>
</testsuite> <!-- testcases.LoginTests -->
